  mainSpace.c
C:\Users\01KTH\Desktop\C.rossyRoad\userControl.h(1,1): warning C4819: 현재 코드 페이지(949)에서 표시할 수 없는 문자가 파일에 들어 있습니다. 데이터가 손실되지 않게 하려면 해당 파일을 유니코드 형식으로 저장하십시오.
C:\Users\01KTH\Desktop\C.rossyRoad\userControl.h(303,37): warning C4047: '함수': 'char *'의 간접 참조 수준이 'char *[54]'과(와) 다릅니다.
C:\Users\01KTH\Desktop\C.rossyRoad\userControl.h(303,20): warning C4024: 'userHistory_route': 형식 및 실제 매개 변수 1의 형식이 서로 다릅니다.
C:\Users\01KTH\Desktop\C.rossyRoad\userControl.h(304,45): warning C4047: '함수': 'const char *'의 간접 참조 수준이 'char *[54]'과(와) 다릅니다.
C:\Users\01KTH\Desktop\C.rossyRoad\userControl.h(304,28): warning C4024: 'fopen': 형식 및 실제 매개 변수 1의 형식이 서로 다릅니다.
C:\Users\01KTH\Desktop\C.rossyRoad\userControl.h(324,37): warning C4047: '함수': 'char *'의 간접 참조 수준이 'char *[54]'과(와) 다릅니다.
C:\Users\01KTH\Desktop\C.rossyRoad\userControl.h(324,20): warning C4024: 'userHistory_route': 형식 및 실제 매개 변수 1의 형식이 서로 다릅니다.
C:\Users\01KTH\Desktop\C.rossyRoad\userControl.h(326,45): warning C4047: '함수': 'const char *'의 간접 참조 수준이 'char *[54]'과(와) 다릅니다.
C:\Users\01KTH\Desktop\C.rossyRoad\userControl.h(326,28): warning C4024: 'fopen': 형식 및 실제 매개 변수 1의 형식이 서로 다릅니다.
C:\Users\01KTH\Desktop\C.rossyRoad\userControl.h(341,37): warning C4047: '함수': 'char *'의 간접 참조 수준이 'char *[54]'과(와) 다릅니다.
C:\Users\01KTH\Desktop\C.rossyRoad\userControl.h(341,20): warning C4024: 'userHistory_route': 형식 및 실제 매개 변수 1의 형식이 서로 다릅니다.
C:\Users\01KTH\Desktop\C.rossyRoad\userControl.h(363,46): warning C4047: '함수': 'const char *'의 간접 참조 수준이 'char *[54]'과(와) 다릅니다.
C:\Users\01KTH\Desktop\C.rossyRoad\userControl.h(363,29): warning C4024: 'fopen': 형식 및 실제 매개 변수 1의 형식이 서로 다릅니다.
C:\Users\01KTH\Desktop\C.rossyRoad\userControl.h(371,37): warning C4047: '함수': 'char *'의 간접 참조 수준이 'char *[54]'과(와) 다릅니다.
C:\Users\01KTH\Desktop\C.rossyRoad\userControl.h(371,20): warning C4024: 'userHistory_route': 형식 및 실제 매개 변수 1의 형식이 서로 다릅니다.
C:\Users\01KTH\Desktop\C.rossyRoad\userControl.h(373,45): warning C4047: '함수': 'const char *'의 간접 참조 수준이 'char *[54]'과(와) 다릅니다.
C:\Users\01KTH\Desktop\C.rossyRoad\userControl.h(373,28): warning C4024: 'fopen': 형식 및 실제 매개 변수 1의 형식이 서로 다릅니다.
C:\Users\01KTH\Desktop\C.rossyRoad\gameTerms.h(100,12): warning C4013: 'Line_unitSpeed'이(가) 정의되지 않았습니다. extern은 int형을 반환하는 것으로 간주합니다.
C:\Users\01KTH\Desktop\C.rossyRoad\gameFigure.h(148,32): warning C4047: '==': 'Element *'의 간접 참조 수준이 'int'과(와) 다릅니다.
C:\Users\01KTH\Desktop\C.rossyRoad\gameFigure.h(153,44): warning C4047: '함수': 'Element *'의 간접 참조 수준이 'Element'과(와) 다릅니다.
C:\Users\01KTH\Desktop\C.rossyRoad\gameFigure.h(153,41): warning C4024: 'Player_unitInteract': 형식 및 실제 매개 변수 1의 형식이 서로 다릅니다.
C:\Users\01KTH\Desktop\C.rossyRoad\gameFigure.h(156,44): warning C4047: '함수': 'Element *'의 간접 참조 수준이 'Element'과(와) 다릅니다.
C:\Users\01KTH\Desktop\C.rossyRoad\gameFigure.h(156,41): warning C4024: 'Player_unitInteract': 형식 및 실제 매개 변수 1의 형식이 서로 다릅니다.
C:\Users\01KTH\Desktop\C.rossyRoad\gameFigure.h(159,44): warning C4047: '함수': 'Element *'의 간접 참조 수준이 'Element'과(와) 다릅니다.
C:\Users\01KTH\Desktop\C.rossyRoad\gameFigure.h(159,41): warning C4024: 'Player_unitInteract': 형식 및 실제 매개 변수 1의 형식이 서로 다릅니다.
C:\Users\01KTH\Desktop\C.rossyRoad\gameFigure.h(162,44): warning C4047: '함수': 'Element *'의 간접 참조 수준이 'Element'과(와) 다릅니다.
C:\Users\01KTH\Desktop\C.rossyRoad\gameFigure.h(162,41): warning C4024: 'Player_unitInteract': 형식 및 실제 매개 변수 1의 형식이 서로 다릅니다.
C:\Users\01KTH\Desktop\C.rossyRoad\gameFigure.h(237,16): warning C4098: 'Player_move': 'void' 함수에서 값을 반환하고 있습니다.
C:\Users\01KTH\Desktop\C.rossyRoad\game.h(65,9): warning C4090: '초기화 중': 'const' 한정자가 서로 다릅니다.
  코드를 생성하고 있습니다.
  Previous IPDB and IOBJ mismatch, fall back to full compilation.
C:\Users\01KTH\Desktop\C.rossyRoad\gameTerms.h(144): warning C4715: 'Player_keyIn': 모든 제어 경로에서 값을 반환하지는 않습니다.
C:\Users\01KTH\Desktop\C.rossyRoad\gameTerms.h(78): warning C4715: 'directionVector': 모든 제어 경로에서 값을 반환하지는 않습니다.
C:\Users\01KTH\Desktop\C.rossyRoad\gameFigure.h(39): warning C4172: 지역 변수 또는 임시: l의 주소를 반환하고 있습니다.
C:\Users\01KTH\Desktop\C.rossyRoad\userControl.h(224): warning C4172: 지역 변수 또는 임시: targetUser의 주소를 반환하고 있습니다.
C:\Users\01KTH\Desktop\C.rossyRoad\userControl.h(166): warning C4715: 'userPW_check': 모든 제어 경로에서 값을 반환하지는 않습니다.
C:\Users\01KTH\Desktop\C.rossyRoad\gameFigure.h(49): warning C4715: 'unitLine_genRand': 모든 제어 경로에서 값을 반환하지는 않습니다.
C:\Users\01KTH\Desktop\C.rossyRoad\gameFigure.h(44): warning C4172: 지역 변수 또는 임시: l의 주소를 반환하고 있습니다.
C:\Users\01KTH\Desktop\C.rossyRoad\gameFigure.h(46): warning C4172: 지역 변수 또는 임시: l의 주소를 반환하고 있습니다.
C:\Users\01KTH\Desktop\C.rossyRoad\gameFigure.h(48): warning C4172: 지역 변수 또는 임시: l의 주소를 반환하고 있습니다.
C:\Users\01KTH\Desktop\C.rossyRoad\userControl.h(335): warning C4172: 지역 변수 또는 임시: targetHistory의 주소를 반환하고 있습니다.
  All 84 functions were compiled because no usable IPDB/IOBJ from previous compilation was found.
  코드를 생성했습니다.
  C.rossyRoad.vcxproj -> C:\Users\01KTH\Desktop\C.rossyRoad\Release\C.rossyRoad.exe
